** Drc report for pi-dash-input-hat.kicad_pcb **
** Created on 2026-05-26T23:04:20-0400 **

** Found 19 DRC violations **
[silk_edge_clearance]: Silkscreen clipped by board edge
    Rule: board setup constraints silk; warning
    @(0.0000 mm, 0.0000 mm): Rectangle on Edge.Cuts
    @(86.6325 mm, -8.1226 mm): Polygon on B.Silkscreen
[silk_edge_clearance]: Silkscreen clipped by board edge
    Rule: board setup constraints silk; warning
    @(0.0000 mm, 0.0000 mm): Rectangle on Edge.Cuts
    @(82.0274 mm, 6.1477 mm): Polygon on B.Silkscreen
[lib_footprint_mismatch]: Footprint 'MountingHole_2.7mm_M2.5' does not match copy in library 'MountingHole'.
    Local override; warning
    @(3.5000 mm, 3.5000 mm): Footprint H1
[lib_footprint_mismatch]: Footprint 'MountingHole_2.7mm_M2.5' does not match copy in library 'MountingHole'.
    Local override; warning
    @(61.5000 mm, 3.5000 mm): Footprint H2
[lib_footprint_mismatch]: Footprint 'MountingHole_2.7mm_M2.5' does not match copy in library 'MountingHole'.
    Local override; warning
    @(3.5000 mm, 53.0000 mm): Footprint H3
[lib_footprint_mismatch]: Footprint 'MountingHole_2.7mm_M2.5' does not match copy in library 'MountingHole'.
    Local override; warning
    @(61.5000 mm, 53.0000 mm): Footprint H4
[lib_footprint_mismatch]: Footprint 'MountingHole_2.7mm_M2.5' does not match copy in library 'MountingHole'.
    Local override; warning
    @(96.5000 mm, 3.5000 mm): Footprint H5
[lib_footprint_mismatch]: Footprint 'MountingHole_2.7mm_M2.5' does not match copy in library 'MountingHole'.
    Local override; warning
    @(96.5000 mm, 53.0000 mm): Footprint H6
[lib_footprint_mismatch]: Footprint 'PinHeader_2x20_P2.54mm_Vertical' does not match copy in library 'Connector_PinHeader_2.54mm'.
    Local override; warning
    @(56.1600 mm, 5.0000 mm): Footprint J2
[lib_footprint_mismatch]: Footprint 'PinHeader_1x09_P2.54mm_Vertical' does not match copy in library 'Connector_PinHeader_2.54mm'.
    Local override; warning
    @(71.0000 mm, 4.0000 mm): Footprint J1
[silk_over_copper]: Silkscreen clipped by solder mask
    Local override; warning
    @(86.6325 mm, -8.1226 mm): Polygon on B.Silkscreen
[silk_over_copper]: Silkscreen clipped by solder mask
    Local override; warning
    @(82.0274 mm, 6.1477 mm): Polygon on B.Silkscreen
[silk_over_copper]: Silkscreen clipped by solder mask
    Local override; warning
    @(56.5000 mm, 33.5000 mm): Reference field of D12
[silk_overlap]: Silkscreen overlap
    Rule: board setup constraints silk; warning
    @(88.8900 mm, 29.3100 mm): Segment of U9 on F.Silkscreen
    @(88.8750 mm, 27.5500 mm): Reference field of Q1
[silk_overlap]: Silkscreen overlap
    Rule: board setup constraints silk; warning
    @(25.1600 mm, 39.8700 mm): Segment of U5 on F.Silkscreen
    @(28.2700 mm, 40.0400 mm): Reference field of D13
[silk_overlap]: Silkscreen overlap
    Rule: board setup constraints silk; warning
    @(28.2700 mm, 29.0400 mm): Reference field of D11
    @(25.1600 mm, 28.8700 mm): Segment of U3 on F.Silkscreen
[silk_overlap]: Silkscreen overlap
    Rule: board setup constraints silk; warning
    @(55.7100 mm, 33.0800 mm): Segment of D12 on F.Silkscreen
    @(56.5000 mm, 33.5000 mm): Reference field of D12
[silk_overlap]: Silkscreen overlap
    Rule: board setup constraints silk; warning
    @(57.2700 mm, 32.0000 mm): Arc of D12 on F.Silkscreen
    @(56.5000 mm, 33.5000 mm): Reference field of D12
[silk_overlap]: Silkscreen overlap
    Rule: board setup constraints silk; warning
    @(57.2700 mm, 32.0000 mm): Arc of D12 on F.Silkscreen
    @(56.5000 mm, 33.5000 mm): Reference field of D12

** Found 4 unconnected pads **
[unconnected_items]: Missing connection between items
    Local override; error
    @(0.0000 mm, 0.0000 mm): Zone [GND] on F.Cu, priority 0
    @(0.0000 mm, 0.0000 mm): Zone [GND] on B.Cu, priority 0
[unconnected_items]: Missing connection between items
    Local override; error
    @(0.0000 mm, 0.0000 mm): Zone [GND] on B.Cu, priority 0
    @(0.0000 mm, 0.0000 mm): Zone [GND] on F.Cu, priority 0
[unconnected_items]: Missing connection between items
    Local override; error
    @(0.0000 mm, 0.0000 mm): Zone [GND] on F.Cu, priority 0
    @(0.0000 mm, 0.0000 mm): Zone [GND] on F.Cu, priority 0
[unconnected_items]: Missing connection between items
    Local override; error
    @(0.0000 mm, 0.0000 mm): Zone [GND] on B.Cu, priority 0
    @(0.0000 mm, 0.0000 mm): Zone [GND] on F.Cu, priority 0

** Found 0 Footprint errors **

** End of Report **
